<?xml version="1.0" encoding="UTF-8"?>
<testsuite xmlns:xsi="http://www.w3.org/2001/XMLSchema-instance" xsi:noNamespaceSchemaLocation="https://maven.apache.org/surefire/maven-surefire-plugin/xsd/surefire-test-report-3.0.xsd" version="3.0" name="ApplicationTest" time="0.377" tests="1" errors="0" skipped="0" failures="0">
  <properties>
    <property name="java.specification.version" value="23"/>
    <property name="sun.jnu.encoding" value="UTF-8"/>
    <property name="java.class.path" value="/Users/yevgeniy/Documents/CTU/Maga 2.sem/SWA/mm-recommendation-service/target/test-classes:/Users/yevgeniy/Documents/CTU/Maga 2.sem/SWA/mm-recommendation-service/target/classes:/Users/yevgeniy/.m2/repository/io/ktor/ktor-server-core-jvm/3.0.3/ktor-server-core-jvm-3.0.3.jar:/Users/yevgeniy/.m2/repository/com/typesafe/config/1.4.3/config-1.4.3.jar:/Users/yevgeniy/.m2/repository/org/jetbrains/kotlinx/kotlinx-coroutines-core-jvm/1.9.0/kotlinx-coroutines-core-jvm-1.9.0.jar:/Users/yevgeniy/.m2/repository/org/jetbrains/annotations/23.0.0/annotations-23.0.0.jar:/Users/yevgeniy/.m2/repository/io/ktor/ktor-utils-jvm/3.0.3/ktor-utils-jvm-3.0.3.jar:/Users/yevgeniy/.m2/repository/io/ktor/ktor-io-jvm/3.0.3/ktor-io-jvm-3.0.3.jar:/Users/yevgeniy/.m2/repository/org/jetbrains/kotlinx/kotlinx-io-core-jvm/0.5.4/kotlinx-io-core-jvm-0.5.4.jar:/Users/yevgeniy/.m2/repository/org/jetbrains/kotlinx/kotlinx-io-bytestring-jvm/0.5.4/kotlinx-io-bytestring-jvm-0.5.4.jar:/Users/yevgeniy/.m2/repository/org/jetbrains/kotlinx/kotlinx-serialization-core-jvm/1.7.3/kotlinx-serialization-core-jvm-1.7.3.jar:/Users/yevgeniy/.m2/repository/io/ktor/ktor-http-jvm/3.0.3/ktor-http-jvm-3.0.3.jar:/Users/yevgeniy/.m2/repository/io/ktor/ktor-serialization-jvm/3.0.3/ktor-serialization-jvm-3.0.3.jar:/Users/yevgeniy/.m2/repository/io/ktor/ktor-events-jvm/3.0.3/ktor-events-jvm-3.0.3.jar:/Users/yevgeniy/.m2/repository/io/ktor/ktor-http-cio-jvm/3.0.3/ktor-http-cio-jvm-3.0.3.jar:/Users/yevgeniy/.m2/repository/io/ktor/ktor-network-jvm/3.0.3/ktor-network-jvm-3.0.3.jar:/Users/yevgeniy/.m2/repository/io/ktor/ktor-websockets-jvm/3.0.3/ktor-websockets-jvm-3.0.3.jar:/Users/yevgeniy/.m2/repository/org/jetbrains/kotlin/kotlin-reflect/2.0.21/kotlin-reflect-2.0.21.jar:/Users/yevgeniy/.m2/repository/org/jetbrains/kotlin/kotlin-stdlib/2.0.21/kotlin-stdlib-2.0.21.jar:/Users/yevgeniy/.m2/repository/org/fusesource/jansi/jansi/2.4.1/jansi-2.4.1.jar:/Users/yevgeniy/.m2/repository/io/ktor/ktor-server-tomcat-jakarta-jvm/3.0.3/ktor-server-tomcat-jakarta-jvm-3.0.3.jar:/Users/yevgeniy/.m2/repository/io/ktor/ktor-server-servlet-jakarta-jvm/3.0.3/ktor-server-servlet-jakarta-jvm-3.0.3.jar:/Users/yevgeniy/.m2/repository/org/apache/tomcat/tomcat-catalina/10.1.31/tomcat-catalina-10.1.31.jar:/Users/yevgeniy/.m2/repository/org/apache/tomcat/tomcat-servlet-api/10.1.31/tomcat-servlet-api-10.1.31.jar:/Users/yevgeniy/.m2/repository/org/apache/tomcat/tomcat-jsp-api/10.1.31/tomcat-jsp-api-10.1.31.jar:/Users/yevgeniy/.m2/repository/org/apache/tomcat/tomcat-el-api/10.1.31/tomcat-el-api-10.1.31.jar:/Users/yevgeniy/.m2/repository/org/apache/tomcat/tomcat-juli/10.1.31/tomcat-juli-10.1.31.jar:/Users/yevgeniy/.m2/repository/org/apache/tomcat/tomcat-annotations-api/10.1.31/tomcat-annotations-api-10.1.31.jar:/Users/yevgeniy/.m2/repository/org/apache/tomcat/tomcat-api/10.1.31/tomcat-api-10.1.31.jar:/Users/yevgeniy/.m2/repository/org/apache/tomcat/tomcat-jni/10.1.31/tomcat-jni-10.1.31.jar:/Users/yevgeniy/.m2/repository/org/apache/tomcat/tomcat-coyote/10.1.31/tomcat-coyote-10.1.31.jar:/Users/yevgeniy/.m2/repository/org/apache/tomcat/tomcat-util/10.1.31/tomcat-util-10.1.31.jar:/Users/yevgeniy/.m2/repository/org/apache/tomcat/tomcat-util-scan/10.1.31/tomcat-util-scan-10.1.31.jar:/Users/yevgeniy/.m2/repository/org/apache/tomcat/tomcat-jaspic-api/10.1.31/tomcat-jaspic-api-10.1.31.jar:/Users/yevgeniy/.m2/repository/org/apache/tomcat/embed/tomcat-embed-core/10.1.31/tomcat-embed-core-10.1.31.jar:/Users/yevgeniy/.m2/repository/io/ktor/ktor-server-config-yaml-jvm/3.0.3/ktor-server-config-yaml-jvm-3.0.3.jar:/Users/yevgeniy/.m2/repository/net/mamoe/yamlkt/yamlkt-jvm/0.13.0/yamlkt-jvm-0.13.0.jar:/Users/yevgeniy/.m2/repository/ch/qos/logback/logback-classic/1.4.14/logback-classic-1.4.14.jar:/Users/yevgeniy/.m2/repository/ch/qos/logback/logback-core/1.4.14/logback-core-1.4.14.jar:/Users/yevgeniy/.m2/repository/org/slf4j/slf4j-api/2.0.9/slf4j-api-2.0.9.jar:/Users/yevgeniy/.m2/repository/io/ktor/ktor-server-test-host-jvm/3.0.3/ktor-server-test-host-jvm-3.0.3.jar:/Users/yevgeniy/.m2/repository/io/ktor/ktor-network-tls-jvm/3.0.3/ktor-network-tls-jvm-3.0.3.jar:/Users/yevgeniy/.m2/repository/io/ktor/ktor-client-apache-jvm/3.0.3/ktor-client-apache-jvm-3.0.3.jar:/Users/yevgeniy/.m2/repository/org/apache/httpcomponents/httpasyncclient/4.1.5/httpasyncclient-4.1.5.jar:/Users/yevgeniy/.m2/repository/org/apache/httpcomponents/httpcore/4.4.15/httpcore-4.4.15.jar:/Users/yevgeniy/.m2/repository/org/apache/httpcomponents/httpcore-nio/4.4.15/httpcore-nio-4.4.15.jar:/Users/yevgeniy/.m2/repository/org/apache/httpcomponents/httpclient/4.5.13/httpclient-4.5.13.jar:/Users/yevgeniy/.m2/repository/commons-codec/commons-codec/1.11/commons-codec-1.11.jar:/Users/yevgeniy/.m2/repository/commons-logging/commons-logging/1.2/commons-logging-1.2.jar:/Users/yevgeniy/.m2/repository/io/ktor/ktor-network-tls-certificates-jvm/3.0.3/ktor-network-tls-certificates-jvm-3.0.3.jar:/Users/yevgeniy/.m2/repository/io/ktor/ktor-server-call-logging-jvm/3.0.3/ktor-server-call-logging-jvm-3.0.3.jar:/Users/yevgeniy/.m2/repository/org/jetbrains/kotlinx/kotlinx-coroutines-slf4j/1.9.0/kotlinx-coroutines-slf4j-1.9.0.jar:/Users/yevgeniy/.m2/repository/io/ktor/ktor-server-websockets-jvm/3.0.3/ktor-server-websockets-jvm-3.0.3.jar:/Users/yevgeniy/.m2/repository/io/ktor/ktor-websocket-serialization-jvm/3.0.3/ktor-websocket-serialization-jvm-3.0.3.jar:/Users/yevgeniy/.m2/repository/org/jetbrains/kotlin/kotlin-test/2.0.21/kotlin-test-2.0.21.jar:/Users/yevgeniy/.m2/repository/org/junit/jupiter/junit-jupiter/5.11.4/junit-jupiter-5.11.4.jar:/Users/yevgeniy/.m2/repository/org/junit/jupiter/junit-jupiter-api/5.11.4/junit-jupiter-api-5.11.4.jar:/Users/yevgeniy/.m2/repository/org/opentest4j/opentest4j/1.3.0/opentest4j-1.3.0.jar:/Users/yevgeniy/.m2/repository/org/junit/platform/junit-platform-commons/1.11.4/junit-platform-commons-1.11.4.jar:/Users/yevgeniy/.m2/repository/org/apiguardian/apiguardian-api/1.1.2/apiguardian-api-1.1.2.jar:/Users/yevgeniy/.m2/repository/org/junit/jupiter/junit-jupiter-params/5.11.4/junit-jupiter-params-5.11.4.jar:/Users/yevgeniy/.m2/repository/org/junit/jupiter/junit-jupiter-engine/5.11.4/junit-jupiter-engine-5.11.4.jar:/Users/yevgeniy/.m2/repository/org/junit/platform/junit-platform-engine/1.11.4/junit-platform-engine-1.11.4.jar:/Users/yevgeniy/.m2/repository/io/ktor/ktor-client-cio-jvm/3.0.3/ktor-client-cio-jvm-3.0.3.jar:/Users/yevgeniy/.m2/repository/io/ktor/ktor-client-core-jvm/3.0.3/ktor-client-core-jvm-3.0.3.jar:/Users/yevgeniy/.m2/repository/io/ktor/ktor-sse-jvm/3.0.3/ktor-sse-jvm-3.0.3.jar:/Users/yevgeniy/.m2/repository/io/ktor/ktor-test-dispatcher-jvm/3.0.3/ktor-test-dispatcher-jvm-3.0.3.jar:/Users/yevgeniy/.m2/repository/org/jetbrains/kotlinx/kotlinx-coroutines-test-jvm/1.9.0/kotlinx-coroutines-test-jvm-1.9.0.jar:/Users/yevgeniy/.m2/repository/org/jetbrains/kotlin/kotlin-test-junit/2.1.10/kotlin-test-junit-2.1.10.jar:/Users/yevgeniy/.m2/repository/junit/junit/4.13.2/junit-4.13.2.jar:/Users/yevgeniy/.m2/repository/org/hamcrest/hamcrest-core/1.3/hamcrest-core-1.3.jar:/Users/yevgeniy/.m2/repository/org/jetbrains/kotlinx/kotlinx-coroutines-debug/1.6.4/kotlinx-coroutines-debug-1.6.4.jar:/Users/yevgeniy/.m2/repository/net/java/dev/jna/jna/5.9.0/jna-5.9.0.jar:/Users/yevgeniy/.m2/repository/net/java/dev/jna/jna-platform/5.9.0/jna-platform-5.9.0.jar:/Users/yevgeniy/.m2/repository/org/jetbrains/kotlin/kotlin-stdlib-jdk8/1.6.21/kotlin-stdlib-jdk8-1.6.21.jar:/Users/yevgeniy/.m2/repository/org/jetbrains/kotlin/kotlin-stdlib-jdk7/1.6.21/kotlin-stdlib-jdk7-1.6.21.jar:/Users/yevgeniy/.m2/repository/net/bytebuddy/byte-buddy/1.10.9/byte-buddy-1.10.9.jar:/Users/yevgeniy/.m2/repository/net/bytebuddy/byte-buddy-agent/1.10.9/byte-buddy-agent-1.10.9.jar:"/>
    <property name="java.vm.vendor" value="Homebrew"/>
    <property name="sun.arch.data.model" value="64"/>
    <property name="java.vendor.url" value="https://github.com/Homebrew/homebrew-core/issues"/>
    <property name="user.timezone" value="Europe/Prague"/>
    <property name="os.name" value="Mac OS X"/>
    <property name="java.vm.specification.version" value="23"/>
    <property name="sun.java.launcher" value="SUN_STANDARD"/>
    <property name="user.country" value="CZ"/>
    <property name="sun.boot.library.path" value="/opt/homebrew/Cellar/openjdk/23.0.1/libexec/openjdk.jdk/Contents/Home/lib"/>
    <property name="sun.java.command" value="/Users/yevgeniy/Documents/CTU/Maga 2.sem/SWA/mm-recommendation-service/target/surefire/surefirebooter-20250224073558718_3.jar /Users/yevgeniy/Documents/CTU/Maga 2.sem/SWA/mm-recommendation-service/target/surefire 2025-02-24T07-35-58_678-jvmRun1 surefire-20250224073558718_1tmp surefire_0-20250224073558718_2tmp"/>
    <property name="http.nonProxyHosts" value="local|*.local|169.254/16|*.169.254/16"/>
    <property name="jdk.debug" value="release"/>
    <property name="surefire.test.class.path" value="/Users/yevgeniy/Documents/CTU/Maga 2.sem/SWA/mm-recommendation-service/target/test-classes:/Users/yevgeniy/Documents/CTU/Maga 2.sem/SWA/mm-recommendation-service/target/classes:/Users/yevgeniy/.m2/repository/io/ktor/ktor-server-core-jvm/3.0.3/ktor-server-core-jvm-3.0.3.jar:/Users/yevgeniy/.m2/repository/com/typesafe/config/1.4.3/config-1.4.3.jar:/Users/yevgeniy/.m2/repository/org/jetbrains/kotlinx/kotlinx-coroutines-core-jvm/1.9.0/kotlinx-coroutines-core-jvm-1.9.0.jar:/Users/yevgeniy/.m2/repository/org/jetbrains/annotations/23.0.0/annotations-23.0.0.jar:/Users/yevgeniy/.m2/repository/io/ktor/ktor-utils-jvm/3.0.3/ktor-utils-jvm-3.0.3.jar:/Users/yevgeniy/.m2/repository/io/ktor/ktor-io-jvm/3.0.3/ktor-io-jvm-3.0.3.jar:/Users/yevgeniy/.m2/repository/org/jetbrains/kotlinx/kotlinx-io-core-jvm/0.5.4/kotlinx-io-core-jvm-0.5.4.jar:/Users/yevgeniy/.m2/repository/org/jetbrains/kotlinx/kotlinx-io-bytestring-jvm/0.5.4/kotlinx-io-bytestring-jvm-0.5.4.jar:/Users/yevgeniy/.m2/repository/org/jetbrains/kotlinx/kotlinx-serialization-core-jvm/1.7.3/kotlinx-serialization-core-jvm-1.7.3.jar:/Users/yevgeniy/.m2/repository/io/ktor/ktor-http-jvm/3.0.3/ktor-http-jvm-3.0.3.jar:/Users/yevgeniy/.m2/repository/io/ktor/ktor-serialization-jvm/3.0.3/ktor-serialization-jvm-3.0.3.jar:/Users/yevgeniy/.m2/repository/io/ktor/ktor-events-jvm/3.0.3/ktor-events-jvm-3.0.3.jar:/Users/yevgeniy/.m2/repository/io/ktor/ktor-http-cio-jvm/3.0.3/ktor-http-cio-jvm-3.0.3.jar:/Users/yevgeniy/.m2/repository/io/ktor/ktor-network-jvm/3.0.3/ktor-network-jvm-3.0.3.jar:/Users/yevgeniy/.m2/repository/io/ktor/ktor-websockets-jvm/3.0.3/ktor-websockets-jvm-3.0.3.jar:/Users/yevgeniy/.m2/repository/org/jetbrains/kotlin/kotlin-reflect/2.0.21/kotlin-reflect-2.0.21.jar:/Users/yevgeniy/.m2/repository/org/jetbrains/kotlin/kotlin-stdlib/2.0.21/kotlin-stdlib-2.0.21.jar:/Users/yevgeniy/.m2/repository/org/fusesource/jansi/jansi/2.4.1/jansi-2.4.1.jar:/Users/yevgeniy/.m2/repository/io/ktor/ktor-server-tomcat-jakarta-jvm/3.0.3/ktor-server-tomcat-jakarta-jvm-3.0.3.jar:/Users/yevgeniy/.m2/repository/io/ktor/ktor-server-servlet-jakarta-jvm/3.0.3/ktor-server-servlet-jakarta-jvm-3.0.3.jar:/Users/yevgeniy/.m2/repository/org/apache/tomcat/tomcat-catalina/10.1.31/tomcat-catalina-10.1.31.jar:/Users/yevgeniy/.m2/repository/org/apache/tomcat/tomcat-servlet-api/10.1.31/tomcat-servlet-api-10.1.31.jar:/Users/yevgeniy/.m2/repository/org/apache/tomcat/tomcat-jsp-api/10.1.31/tomcat-jsp-api-10.1.31.jar:/Users/yevgeniy/.m2/repository/org/apache/tomcat/tomcat-el-api/10.1.31/tomcat-el-api-10.1.31.jar:/Users/yevgeniy/.m2/repository/org/apache/tomcat/tomcat-juli/10.1.31/tomcat-juli-10.1.31.jar:/Users/yevgeniy/.m2/repository/org/apache/tomcat/tomcat-annotations-api/10.1.31/tomcat-annotations-api-10.1.31.jar:/Users/yevgeniy/.m2/repository/org/apache/tomcat/tomcat-api/10.1.31/tomcat-api-10.1.31.jar:/Users/yevgeniy/.m2/repository/org/apache/tomcat/tomcat-jni/10.1.31/tomcat-jni-10.1.31.jar:/Users/yevgeniy/.m2/repository/org/apache/tomcat/tomcat-coyote/10.1.31/tomcat-coyote-10.1.31.jar:/Users/yevgeniy/.m2/repository/org/apache/tomcat/tomcat-util/10.1.31/tomcat-util-10.1.31.jar:/Users/yevgeniy/.m2/repository/org/apache/tomcat/tomcat-util-scan/10.1.31/tomcat-util-scan-10.1.31.jar:/Users/yevgeniy/.m2/repository/org/apache/tomcat/tomcat-jaspic-api/10.1.31/tomcat-jaspic-api-10.1.31.jar:/Users/yevgeniy/.m2/repository/org/apache/tomcat/embed/tomcat-embed-core/10.1.31/tomcat-embed-core-10.1.31.jar:/Users/yevgeniy/.m2/repository/io/ktor/ktor-server-config-yaml-jvm/3.0.3/ktor-server-config-yaml-jvm-3.0.3.jar:/Users/yevgeniy/.m2/repository/net/mamoe/yamlkt/yamlkt-jvm/0.13.0/yamlkt-jvm-0.13.0.jar:/Users/yevgeniy/.m2/repository/ch/qos/logback/logback-classic/1.4.14/logback-classic-1.4.14.jar:/Users/yevgeniy/.m2/repository/ch/qos/logback/logback-core/1.4.14/logback-core-1.4.14.jar:/Users/yevgeniy/.m2/repository/org/slf4j/slf4j-api/2.0.9/slf4j-api-2.0.9.jar:/Users/yevgeniy/.m2/repository/io/ktor/ktor-server-test-host-jvm/3.0.3/ktor-server-test-host-jvm-3.0.3.jar:/Users/yevgeniy/.m2/repository/io/ktor/ktor-network-tls-jvm/3.0.3/ktor-network-tls-jvm-3.0.3.jar:/Users/yevgeniy/.m2/repository/io/ktor/ktor-client-apache-jvm/3.0.3/ktor-client-apache-jvm-3.0.3.jar:/Users/yevgeniy/.m2/repository/org/apache/httpcomponents/httpasyncclient/4.1.5/httpasyncclient-4.1.5.jar:/Users/yevgeniy/.m2/repository/org/apache/httpcomponents/httpcore/4.4.15/httpcore-4.4.15.jar:/Users/yevgeniy/.m2/repository/org/apache/httpcomponents/httpcore-nio/4.4.15/httpcore-nio-4.4.15.jar:/Users/yevgeniy/.m2/repository/org/apache/httpcomponents/httpclient/4.5.13/httpclient-4.5.13.jar:/Users/yevgeniy/.m2/repository/commons-codec/commons-codec/1.11/commons-codec-1.11.jar:/Users/yevgeniy/.m2/repository/commons-logging/commons-logging/1.2/commons-logging-1.2.jar:/Users/yevgeniy/.m2/repository/io/ktor/ktor-network-tls-certificates-jvm/3.0.3/ktor-network-tls-certificates-jvm-3.0.3.jar:/Users/yevgeniy/.m2/repository/io/ktor/ktor-server-call-logging-jvm/3.0.3/ktor-server-call-logging-jvm-3.0.3.jar:/Users/yevgeniy/.m2/repository/org/jetbrains/kotlinx/kotlinx-coroutines-slf4j/1.9.0/kotlinx-coroutines-slf4j-1.9.0.jar:/Users/yevgeniy/.m2/repository/io/ktor/ktor-server-websockets-jvm/3.0.3/ktor-server-websockets-jvm-3.0.3.jar:/Users/yevgeniy/.m2/repository/io/ktor/ktor-websocket-serialization-jvm/3.0.3/ktor-websocket-serialization-jvm-3.0.3.jar:/Users/yevgeniy/.m2/repository/org/jetbrains/kotlin/kotlin-test/2.0.21/kotlin-test-2.0.21.jar:/Users/yevgeniy/.m2/repository/org/junit/jupiter/junit-jupiter/5.11.4/junit-jupiter-5.11.4.jar:/Users/yevgeniy/.m2/repository/org/junit/jupiter/junit-jupiter-api/5.11.4/junit-jupiter-api-5.11.4.jar:/Users/yevgeniy/.m2/repository/org/opentest4j/opentest4j/1.3.0/opentest4j-1.3.0.jar:/Users/yevgeniy/.m2/repository/org/junit/platform/junit-platform-commons/1.11.4/junit-platform-commons-1.11.4.jar:/Users/yevgeniy/.m2/repository/org/apiguardian/apiguardian-api/1.1.2/apiguardian-api-1.1.2.jar:/Users/yevgeniy/.m2/repository/org/junit/jupiter/junit-jupiter-params/5.11.4/junit-jupiter-params-5.11.4.jar:/Users/yevgeniy/.m2/repository/org/junit/jupiter/junit-jupiter-engine/5.11.4/junit-jupiter-engine-5.11.4.jar:/Users/yevgeniy/.m2/repository/org/junit/platform/junit-platform-engine/1.11.4/junit-platform-engine-1.11.4.jar:/Users/yevgeniy/.m2/repository/io/ktor/ktor-client-cio-jvm/3.0.3/ktor-client-cio-jvm-3.0.3.jar:/Users/yevgeniy/.m2/repository/io/ktor/ktor-client-core-jvm/3.0.3/ktor-client-core-jvm-3.0.3.jar:/Users/yevgeniy/.m2/repository/io/ktor/ktor-sse-jvm/3.0.3/ktor-sse-jvm-3.0.3.jar:/Users/yevgeniy/.m2/repository/io/ktor/ktor-test-dispatcher-jvm/3.0.3/ktor-test-dispatcher-jvm-3.0.3.jar:/Users/yevgeniy/.m2/repository/org/jetbrains/kotlinx/kotlinx-coroutines-test-jvm/1.9.0/kotlinx-coroutines-test-jvm-1.9.0.jar:/Users/yevgeniy/.m2/repository/org/jetbrains/kotlin/kotlin-test-junit/2.1.10/kotlin-test-junit-2.1.10.jar:/Users/yevgeniy/.m2/repository/junit/junit/4.13.2/junit-4.13.2.jar:/Users/yevgeniy/.m2/repository/org/hamcrest/hamcrest-core/1.3/hamcrest-core-1.3.jar:/Users/yevgeniy/.m2/repository/org/jetbrains/kotlinx/kotlinx-coroutines-debug/1.6.4/kotlinx-coroutines-debug-1.6.4.jar:/Users/yevgeniy/.m2/repository/net/java/dev/jna/jna/5.9.0/jna-5.9.0.jar:/Users/yevgeniy/.m2/repository/net/java/dev/jna/jna-platform/5.9.0/jna-platform-5.9.0.jar:/Users/yevgeniy/.m2/repository/org/jetbrains/kotlin/kotlin-stdlib-jdk8/1.6.21/kotlin-stdlib-jdk8-1.6.21.jar:/Users/yevgeniy/.m2/repository/org/jetbrains/kotlin/kotlin-stdlib-jdk7/1.6.21/kotlin-stdlib-jdk7-1.6.21.jar:/Users/yevgeniy/.m2/repository/net/bytebuddy/byte-buddy/1.10.9/byte-buddy-1.10.9.jar:/Users/yevgeniy/.m2/repository/net/bytebuddy/byte-buddy-agent/1.10.9/byte-buddy-agent-1.10.9.jar:"/>
    <property name="sun.cpu.endian" value="little"/>
    <property name="user.home" value="/Users/yevgeniy"/>
    <property name="user.language" value="en"/>
    <property name="java.specification.vendor" value="Oracle Corporation"/>
    <property name="java.version.date" value="2024-10-15"/>
    <property name="java.home" value="/opt/homebrew/Cellar/openjdk/23.0.1/libexec/openjdk.jdk/Contents/Home"/>
    <property name="jib.port" value="7020"/>
    <property name="file.separator" value="/"/>
    <property name="basedir" value="/Users/yevgeniy/Documents/CTU/Maga 2.sem/SWA/mm-recommendation-service"/>
    <property name="java.vm.compressedOopsMode" value="Zero based"/>
    <property name="line.separator" value="&#10;"/>
    <property name="java.vm.specification.vendor" value="Oracle Corporation"/>
    <property name="java.specification.name" value="Java Platform API Specification"/>
    <property name="apple.awt.application.name" value="ForkedBooter"/>
    <property name="surefire.real.class.path" value="/Users/yevgeniy/Documents/CTU/Maga 2.sem/SWA/mm-recommendation-service/target/surefire/surefirebooter-20250224073558718_3.jar"/>
    <property name="sun.management.compiler" value="HotSpot 64-Bit Tiered Compilers"/>
    <property name="ftp.nonProxyHosts" value="local|*.local|169.254/16|*.169.254/16"/>
    <property name="java.runtime.version" value="23.0.1"/>
    <property name="user.name" value="yevgeniy"/>
    <property name="stdout.encoding" value="UTF-8"/>
    <property name="path.separator" value=":"/>
    <property name="os.version" value="15.0"/>
    <property name="java.runtime.name" value="OpenJDK Runtime Environment"/>
    <property name="file.encoding" value="UTF-8"/>
    <property name="java.vm.name" value="OpenJDK 64-Bit Server VM"/>
    <property name="java.vendor.version" value="Homebrew"/>
    <property name="localRepository" value="/Users/yevgeniy/.m2/repository"/>
    <property name="java.vendor.url.bug" value="https://github.com/Homebrew/homebrew-core/issues"/>
    <property name="java.io.tmpdir" value="/var/folders/p_/r0ql7phd3_dcyyb90ds99d4m0000gn/T/"/>
    <property name="java.version" value="23.0.1"/>
    <property name="user.dir" value="/Users/yevgeniy/Documents/CTU/Maga 2.sem/SWA/mm-recommendation-service"/>
    <property name="os.arch" value="aarch64"/>
    <property name="java.vm.specification.name" value="Java Virtual Machine Specification"/>
    <property name="native.encoding" value="UTF-8"/>
    <property name="java.library.path" value="/Users/yevgeniy/Library/Java/Extensions:/Library/Java/Extensions:/Network/Library/Java/Extensions:/System/Library/Java/Extensions:/usr/lib/java:."/>
    <property name="java.vm.info" value="mixed mode, sharing"/>
    <property name="stderr.encoding" value="UTF-8"/>
    <property name="java.vendor" value="Homebrew"/>
    <property name="java.vm.version" value="23.0.1"/>
    <property name="sun.io.unicode.encoding" value="UnicodeBig"/>
    <property name="socksNonProxyHosts" value="local|*.local|169.254/16|*.169.254/16"/>
    <property name="java.class.version" value="67.0"/>
  </properties>
  <testcase name="testRootEndpoint" classname="ApplicationTest" time="0.368">
    <system-out><![CDATA[2025-02-24 07:35:59.315 [DefaultDispatcher-worker-2 @call-context#3] INFO  io.ktor.test - No ktor.deployment.watch patterns specified, automatic reload is not active.
2025-02-24 07:35:59.337 [DefaultDispatcher-worker-2 @call-context#3] INFO  io.ktor.test - Application started in 0.027 seconds.
2025-02-24 07:35:59.338 [DefaultDispatcher-worker-3 @coroutine#4] INFO  io.ktor.test - Responding at http://localhost:80
2025-02-24 07:35:59.338 [DefaultDispatcher-worker-3 @coroutine#4] INFO  io.ktor.test - Responding at https://localhost:443
]]></system-out>
  </testcase>
</testsuite>